app/build/intermediates/manifest_merge_blame_file/debug/manifest-merger-blame-debug-report.txt
1<?xml version="1.0" encoding="utf-8"?>
2<manifest xmlns:android="http://schemas.android.com/apk/res/android"
3    package="com.example.paynsplit"
4    android:versionCode="1"
5    android:versionName="1.0" >
6
7    <uses-sdk
8        android:minSdkVersion="14"
8-->src\main\AndroidManifest.xml
9        android:targetSdkVersion="29" />
9-->src\main\AndroidManifest.xml
10
11    <uses-feature android:name="android.hardware.camera" />
11-->src\main\AndroidManifest.xml:37:5-60
11-->src\main\AndroidManifest.xml:37:19-57
12    <uses-feature android:name="android.hardware.camera.autofocus" />
12-->src\main\AndroidManifest.xml:39:5-70
12-->src\main\AndroidManifest.xml:39:19-67
13
14    <uses-permission android:name="android.permission.CAMERA" />
14-->src\main\AndroidManifest.xml:40:5-65
14-->src\main\AndroidManifest.xml:40:22-62
15    <uses-permission android:name="android.permission.INTERNET" />
15-->src\main\AndroidManifest.xml:42:5-67
15-->src\main\AndroidManifest.xml:42:22-64
16    <uses-permission android:name="android.permission.ACCESS_NETWORK_STATE" />
16-->[com.google.firebase:firebase-database:16.0.4] AndroidManifest.xml:22:5-79
16-->[com.google.firebase:firebase-database:16.0.4] AndroidManifest.xml:22:22-76
17
18    <application
18-->src\main\AndroidManifest.xml:5:5-36:19
19        android:allowBackup="true"
19-->src\main\AndroidManifest.xml:6:9-35
20        android:appComponentFactory="androidx.core.app.CoreComponentFactory"
20-->[androidx.core:core:1.0.1] AndroidManifest.xml:22:18-86
21        android:debuggable="true"
22        android:icon="@mipmap/ic_launcher"
22-->src\main\AndroidManifest.xml:7:9-43
23        android:label="@string/app_name"
23-->src\main\AndroidManifest.xml:8:9-41
24        android:roundIcon="@drawable/circle_logo"
24-->src\main\AndroidManifest.xml:9:9-50
25        android:supportsRtl="true"
25-->src\main\AndroidManifest.xml:10:9-35
26        android:testOnly="true"
27        android:theme="@style/Theme.AppCompat.NoActionBar" >
27-->src\main\AndroidManifest.xml:11:9-59
28        <activity android:name="com.example.paynsplit.cashPayment" />
28-->src\main\AndroidManifest.xml:12:9-58
28-->src\main\AndroidManifest.xml:12:19-46
29        <activity android:name="com.example.paynsplit.forgotPasswordReset" />
29-->src\main\AndroidManifest.xml:13:9-57
29-->src\main\AndroidManifest.xml:13:19-54
30        <activity android:name="com.example.paynsplit.getTheBillAndSplitTheBill" />
30-->src\main\AndroidManifest.xml:14:9-63
30-->src\main\AndroidManifest.xml:14:19-60
31        <activity android:name="com.example.paynsplit.updatedetails" />
31-->src\main\AndroidManifest.xml:15:9-51
31-->src\main\AndroidManifest.xml:15:19-48
32        <activity android:name="com.example.paynsplit.groupCreation" />
32-->src\main\AndroidManifest.xml:16:9-51
32-->src\main\AndroidManifest.xml:16:19-48
33        <activity android:name="com.example.paynsplit.groupTransactions" />
33-->src\main\AndroidManifest.xml:17:9-55
33-->src\main\AndroidManifest.xml:17:19-52
34        <activity android:name="com.example.paynsplit.allTransactions" />
34-->src\main\AndroidManifest.xml:18:9-53
34-->src\main\AndroidManifest.xml:18:19-50
35        <activity android:name="com.example.paynsplit.scannigQRcode" />
35-->src\main\AndroidManifest.xml:19:9-51
35-->src\main\AndroidManifest.xml:19:19-48
36        <activity android:name="com.example.paynsplit.addToDatabase" />
36-->src\main\AndroidManifest.xml:20:9-51
36-->src\main\AndroidManifest.xml:20:19-48
37        <activity android:name="com.example.paynsplit.signup" />
37-->src\main\AndroidManifest.xml:21:9-44
37-->src\main\AndroidManifest.xml:21:19-41
38        <activity android:name="com.example.paynsplit.upipayment" />
38-->src\main\AndroidManifest.xml:22:9-48
38-->src\main\AndroidManifest.xml:22:19-45
39        <activity android:name="com.example.paynsplit.makePayment" />
39-->src\main\AndroidManifest.xml:23:9-49
39-->src\main\AndroidManifest.xml:23:19-46
40        <activity android:name="com.example.paynsplit.AddMember" />
40-->src\main\AndroidManifest.xml:24:9-47
40-->src\main\AndroidManifest.xml:24:19-44
41        <activity android:name="com.example.paynsplit.ViewTransaction" />
41-->src\main\AndroidManifest.xml:25:9-53
41-->src\main\AndroidManifest.xml:25:19-50
42        <activity android:name="com.example.paynsplit.pay" />
42-->src\main\AndroidManifest.xml:26:9-41
42-->src\main\AndroidManifest.xml:26:19-38
43        <activity android:name="com.example.paynsplit.welcome" />
43-->src\main\AndroidManifest.xml:27:9-45
43-->src\main\AndroidManifest.xml:27:19-42
44        <activity android:name="com.example.paynsplit.homepage" />
44-->src\main\AndroidManifest.xml:28:9-46
44-->src\main\AndroidManifest.xml:28:19-43
45        <activity android:name="com.example.paynsplit.MainActivity" >
45-->src\main\AndroidManifest.xml:29:9-35:20
45-->src\main\AndroidManifest.xml:29:19-47
46            <intent-filter>
46-->src\main\AndroidManifest.xml:30:13-34:29
47                <action android:name="android.intent.action.MAIN" />
47-->src\main\AndroidManifest.xml:31:17-69
47-->src\main\AndroidManifest.xml:31:25-66
48
49                <category android:name="android.intent.category.LAUNCHER" />
49-->src\main\AndroidManifest.xml:33:17-77
49-->src\main\AndroidManifest.xml:33:27-74
50            </intent-filter>
51        </activity>
52        <activity
52-->[com.google.firebase:firebase-auth:16.0.5] AndroidManifest.xml:24:9-31:50
53            android:name="com.google.firebase.auth.internal.FederatedSignInActivity"
53-->[com.google.firebase:firebase-auth:16.0.5] AndroidManifest.xml:25:13-85
54            android:excludeFromRecents="true"
54-->[com.google.firebase:firebase-auth:16.0.5] AndroidManifest.xml:26:13-46
55            android:exported="true"
55-->[com.google.firebase:firebase-auth:16.0.5] AndroidManifest.xml:27:13-36
56            android:launchMode="singleTask"
56-->[com.google.firebase:firebase-auth:16.0.5] AndroidManifest.xml:28:13-44
57            android:permission="com.google.firebase.auth.api.gms.permission.LAUNCH_FEDERATED_SIGN_IN"
57-->[com.google.firebase:firebase-auth:16.0.5] AndroidManifest.xml:29:13-102
58            android:theme="@android:style/Theme.Translucent.NoTitleBar" />
58-->[com.google.firebase:firebase-auth:16.0.5] AndroidManifest.xml:30:13-72
59
60        <service
60-->[com.google.firebase:firebase-auth:16.0.5] AndroidManifest.xml:33:9-39:19
61            android:name="com.google.firebase.components.ComponentDiscoveryService"
61-->[com.google.firebase:firebase-auth:16.0.5] AndroidManifest.xml:34:13-84
62            android:exported="false" >
62-->[com.google.firebase:firebase-auth:16.0.5] AndroidManifest.xml:35:13-37
63            <meta-data
63-->[com.google.firebase:firebase-auth:16.0.5] AndroidManifest.xml:36:13-38:85
64                android:name="com.google.firebase.components:com.google.firebase.auth.FirebaseAuthRegistrar"
64-->[com.google.firebase:firebase-auth:16.0.5] AndroidManifest.xml:37:17-109
65                android:value="com.google.firebase.components.ComponentRegistrar" />
65-->[com.google.firebase:firebase-auth:16.0.5] AndroidManifest.xml:38:17-82
66        </service>
67
68        <activity
68-->[com.google.android.gms:play-services-base:16.0.1] AndroidManifest.xml:23:9-26:75
69            android:name="com.google.android.gms.common.api.GoogleApiActivity"
69-->[com.google.android.gms:play-services-base:16.0.1] AndroidManifest.xml:24:13-79
70            android:exported="false"
70-->[com.google.android.gms:play-services-base:16.0.1] AndroidManifest.xml:25:13-37
71            android:theme="@android:style/Theme.Translucent.NoTitleBar" />
71-->[com.google.android.gms:play-services-base:16.0.1] AndroidManifest.xml:26:13-72
72
73        <provider
73-->[com.google.firebase:firebase-common:16.0.3] AndroidManifest.xml:10:9-14:39
74            android:name="com.google.firebase.provider.FirebaseInitProvider"
74-->[com.google.firebase:firebase-common:16.0.3] AndroidManifest.xml:11:13-77
75            android:authorities="com.example.paynsplit.firebaseinitprovider"
75-->[com.google.firebase:firebase-common:16.0.3] AndroidManifest.xml:12:13-72
76            android:exported="false"
76-->[com.google.firebase:firebase-common:16.0.3] AndroidManifest.xml:13:13-37
77            android:initOrder="100" />
77-->[com.google.firebase:firebase-common:16.0.3] AndroidManifest.xml:14:13-36
78
79        <meta-data
79-->[com.google.android.gms:play-services-basement:16.1.0] AndroidManifest.xml:23:9-25:69
80            android:name="com.google.android.gms.version"
80-->[com.google.android.gms:play-services-basement:16.1.0] AndroidManifest.xml:24:13-58
81            android:value="@integer/google_play_services_version" />
81-->[com.google.android.gms:play-services-basement:16.1.0] AndroidManifest.xml:25:13-66
82    </application>
83
84</manifest>